----------------------------------------------------------------------------------------------------------------------------------------------------------------------------------------------------------------------------------------------------------
      name:  <unnamed>
       log:  D:\Travail\Dropbox\mining_conflict\Data_Code_BCRT_AER\results\Table_A1.log
  log type:  text
 opened on:  14 Dec 2016, 09:57:24

. use "$Output_data\BCRT_baseline", clear

. tab mainmineral 

       Main |
 mineral of |
   the cell |      Freq.     Percent        Cum.
------------+-----------------------------------
   aluminum |         56        1.69        1.69
       coal |        448       13.50       15.19
     copper |        378       11.39       26.58
    diamond |        560       16.88       43.46
       gold |      1,162       35.02       78.48
       iron |        196        5.91       84.39
       lead |         28        0.84       85.23
     nickel |         70        2.11       87.34
  phosphate |         98        2.95       90.30
   platinum |        140        4.22       94.51
     silver |         14        0.42       94.94
   tantalum |         28        0.84       95.78
        tin |         28        0.84       96.62
       zinc |        112        3.38      100.00
------------+-----------------------------------
      Total |      3,318      100.00

. log close
      name:  <unnamed>
       log:  D:\Travail\Dropbox\mining_conflict\Data_Code_BCRT_AER\results\Table_A1.log
  log type:  text
 closed on:  14 Dec 2016, 09:57:24
----------------------------------------------------------------------------------------------------------------------------------------------------------------------------------------------------------------------------------------------------------
